<?xml version="1.0" encoding="UTF-8"?>
<!-- Generated by org.testng.reporters.JUnitReportReporter -->
<testsuite hostname="LTIN275806" failures="0" tests="2" name="TestCase.TC02_Car_Insurance" time="34.303" errors="0" timestamp="2024-03-09T20:09:12 IST" skipped="0">
  <testcase classname="TestCase.TC02_Car_Insurance" name="car_Details_invalid" time="21.081"/>
  <testcase classname="TestCase.TC02_Car_Insurance" name="car_Details_valid" time="13.222"/>
</testsuite> <!-- TestCase.TC02_Car_Insurance -->
