<?xml version="1.0" encoding="UTF-8"?>
<!-- Generated by org.testng.reporters.JUnitReportReporter -->
<testsuite hostname="LTIN275806" failures="0" tests="2" name="TestCase.TC01_travel_Insurance" time="42.514" errors="0" timestamp="2024-03-09T20:09:12 IST" skipped="0">
  <testcase classname="TestCase.TC01_travel_Insurance" name="travel_insurance" time="3.507"/>
  <testcase classname="TestCase.TC01_travel_Insurance" name="travel_details" time="39.007"/>
</testsuite> <!-- TestCase.TC01_travel_Insurance -->
