<?xml version="1.0" encoding="UTF-8"?>
<!-- Generated by org.testng.reporters.JUnitReportReporter -->
<testsuite hostname="LTIN275806" failures="0" tests="1" name="TestCase.TC03_Health_Insurance" time="1.969" errors="0" timestamp="2024-03-09T20:09:12 IST" skipped="0">
  <testcase classname="TestCase.TC03_Health_Insurance" name="print_health_Insurance" time="1.969"/>
</testsuite> <!-- TestCase.TC03_Health_Insurance -->
